# JRE version: OpenJDK Runtime Environment (8.0_202-b03) (build 1.8.0_202-release-1483-b03)
# Java VM: OpenJDK 64-Bit Server VM (25.202-b03 mixed mode windows-amd64 compressed oops)
Heap:
 PSYoungGen      total 68608K, used 56480K [0x00000000e1c00000, 0x00000000e7f80000, 0x0000000100000000)
  eden space 54272K, 84% used [0x00000000e1c00000,0x00000000e488ad50,0x00000000e5100000)
  from space 14336K, 75% used [0x00000000e5100000,0x00000000e5b9d3e0,0x00000000e5f00000)
  to   space 14848K, 0% used [0x00000000e7100000,0x00000000e7100000,0x00000000e7f80000)
 ParOldGen       total 73216K, used 15576K [0x00000000a5400000, 0x00000000a9b80000, 0x00000000e1c00000)
  object space 73216K, 21% used [0x00000000a5400000,0x00000000a6336388,0x00000000a9b80000)
 Metaspace       used 42184K, capacity 42891K, committed 43312K, reserved 1087488K
  class space    used 5134K, capacity 5310K, committed 5424K, reserved 1048576K
GC Heap History (10 events):
Event: 12.737 GC heap before
{Heap before GC invocations=7 (full 1):
 PSYoungGen      total 27648K, used 27618K [0x00000000e1c00000, 0x00000000e5300000, 0x0000000100000000)
  eden space 24064K, 100% used [0x00000000e1c00000,0x00000000e3380000,0x00000000e3380000)
  from space 3584K, 99% used [0x00000000e3380000,0x00000000e36f8918,0x00000000e3700000)
  to   space 9728K, 0% used [0x00000000e4980000,0x00000000e4980000,0x00000000e5300000)
 ParOldGen       total 50688K, used 10616K [0x00000000a5400000, 0x00000000a8580000, 0x00000000e1c00000)
  object space 50688K, 20% used [0x00000000a5400000,0x00000000a5e5e3e0,0x00000000a8580000)
 Metaspace       used 26817K, capacity 27311K, committed 27696K, reserved 1073152K
  class space    used 3183K, capacity 3343K, committed 3376K, reserved 1048576K
Event: 12.751 GC heap after
Heap after GC invocations=7 (full 1):
 PSYoungGen      total 45056K, used 9722K [0x00000000e1c00000, 0x00000000e5500000, 0x0000000100000000)
  eden space 35328K, 0% used [0x00000000e1c00000,0x00000000e1c00000,0x00000000e3e80000)
  from space 9728K, 99% used [0x00000000e4980000,0x00000000e52fea30,0x00000000e5300000)
  to   space 11264K, 0% used [0x00000000e3e80000,0x00000000e3e80000,0x00000000e4980000)
 ParOldGen       total 50688K, used 11007K [0x00000000a5400000, 0x00000000a8580000, 0x00000000e1c00000)
  object space 50688K, 21% used [0x00000000a5400000,0x00000000a5ebfe20,0x00000000a8580000)
 Metaspace       used 26817K, capacity 27311K, committed 27696K, reserved 1073152K
  class space    used 3183K, capacity 3343K, committed 3376K, reserved 1048576K
}
Event: 13.625 GC heap before
{Heap before GC invocations=8 (full 1):
 PSYoungGen      total 45056K, used 45050K [0x00000000e1c00000, 0x00000000e5500000, 0x0000000100000000)
  eden space 35328K, 100% used [0x00000000e1c00000,0x00000000e3e80000,0x00000000e3e80000)
  from space 9728K, 99% used [0x00000000e4980000,0x00000000e52fea30,0x00000000e5300000)
  to   space 11264K, 0% used [0x00000000e3e80000,0x00000000e3e80000,0x00000000e4980000)
 ParOldGen       total 50688K, used 11007K [0x00000000a5400000, 0x00000000a8580000, 0x00000000e1c00000)
  object space 50688K, 21% used [0x00000000a5400000,0x00000000a5ebfe20,0x00000000a8580000)
 Metaspace       used 33257K, capacity 33757K, committed 34224K, reserved 1079296K
  class space    used 4286K, capacity 4439K, committed 4528K, reserved 1048576K
Event: 13.643 GC heap after
Heap after GC invocations=8 (full 1):
 PSYoungGen      total 46592K, used 11252K [0x00000000e1c00000, 0x00000000e6d00000, 0x0000000100000000)
  eden space 35328K, 0% used [0x00000000e1c00000,0x00000000e1c00000,0x00000000e3e80000)
  from space 11264K, 99% used [0x00000000e3e80000,0x00000000e497d108,0x00000000e4980000)
  to   space 14336K, 0% used [0x00000000e5f00000,0x00000000e5f00000,0x00000000e6d00000)
 ParOldGen       total 50688K, used 14521K [0x00000000a5400000, 0x00000000a8580000, 0x00000000e1c00000)
  object space 50688K, 28% used [0x00000000a5400000,0x00000000a622e648,0x00000000a8580000)
 Metaspace       used 33257K, capacity 33757K, committed 34224K, reserved 1079296K
  class space    used 4286K, capacity 4439K, committed 4528K, reserved 1048576K
}
Event: 13.921 GC heap before
{Heap before GC invocations=9 (full 1):
 PSYoungGen      total 46592K, used 17323K [0x00000000e1c00000, 0x00000000e6d00000, 0x0000000100000000)
  eden space 35328K, 17% used [0x00000000e1c00000,0x00000000e21edec0,0x00000000e3e80000)
  from space 11264K, 99% used [0x00000000e3e80000,0x00000000e497d108,0x00000000e4980000)
  to   space 14336K, 0% used [0x00000000e5f00000,0x00000000e5f00000,0x00000000e6d00000)
 ParOldGen       total 50688K, used 14521K [0x00000000a5400000, 0x00000000a8580000, 0x00000000e1c00000)
  object space 50688K, 28% used [0x00000000a5400000,0x00000000a622e648,0x00000000a8580000)
 Metaspace       used 34634K, capacity 35127K, committed 35496K, reserved 1081344K
  class space    used 4398K, capacity 4546K, committed 4656K, reserved 1048576K
Event: 13.936 GC heap after
Heap after GC invocations=9 (full 1):
 PSYoungGen      total 68608K, used 9988K [0x00000000e1c00000, 0x00000000e7100000, 0x0000000100000000)
  eden space 54272K, 0% used [0x00000000e1c00000,0x00000000e1c00000,0x00000000e5100000)
  from space 14336K, 69% used [0x00000000e5f00000,0x00000000e68c1210,0x00000000e6d00000)
  to   space 14336K, 0% used [0x00000000e5100000,0x00000000e5100000,0x00000000e5f00000)
 ParOldGen       total 50688K, used 14529K [0x00000000a5400000, 0x00000000a8580000, 0x00000000e1c00000)
  object space 50688K, 28% used [0x00000000a5400000,0x00000000a6230648,0x00000000a8580000)
 Metaspace       used 34634K, capacity 35127K, committed 35496K, reserved 1081344K
  class space    used 4398K, capacity 4546K, committed 4656K, reserved 1048576K
}
Event: 13.936 GC heap before
{Heap before GC invocations=10 (full 2):
 PSYoungGen      total 68608K, used 9988K [0x00000000e1c00000, 0x00000000e7100000, 0x0000000100000000)
  eden space 54272K, 0% used [0x00000000e1c00000,0x00000000e1c00000,0x00000000e5100000)
  from space 14336K, 69% used [0x00000000e5f00000,0x00000000e68c1210,0x00000000e6d00000)
  to   space 14336K, 0% used [0x00000000e5100000,0x00000000e5100000,0x00000000e5f00000)
 ParOldGen       total 50688K, used 14529K [0x00000000a5400000, 0x00000000a8580000, 0x00000000e1c00000)
  object space 50688K, 28% used [0x00000000a5400000,0x00000000a6230648,0x00000000a8580000)
 Metaspace       used 34634K, capacity 35127K, committed 35496K, reserved 1081344K
  class space    used 4398K, capacity 4546K, committed 4656K, reserved 1048576K
Event: 14.072 GC heap after
Heap after GC invocations=10 (full 2):
 PSYoungGen      total 68608K, used 0K [0x00000000e1c00000, 0x00000000e7100000, 0x0000000100000000)
  eden space 54272K, 0% used [0x00000000e1c00000,0x00000000e1c00000,0x00000000e5100000)
  from space 14336K, 0% used [0x00000000e5f00000,0x00000000e5f00000,0x00000000e6d00000)
  to   space 14336K, 0% used [0x00000000e5100000,0x00000000e5100000,0x00000000e5f00000)
 ParOldGen       total 73216K, used 15568K [0x00000000a5400000, 0x00000000a9b80000, 0x00000000e1c00000)
  object space 73216K, 21% used [0x00000000a5400000,0x00000000a6334388,0x00000000a9b80000)
 Metaspace       used 34634K, capacity 35127K, committed 35496K, reserved 1081344K
  class space    used 4398K, capacity 4546K, committed 4656K, reserved 1048576K
}
Event: 15.959 GC heap before
{Heap before GC invocations=11 (full 2):
 PSYoungGen      total 68608K, used 54272K [0x00000000e1c00000, 0x00000000e7100000, 0x0000000100000000)
  eden space 54272K, 100% used [0x00000000e1c00000,0x00000000e5100000,0x00000000e5100000)
  from space 14336K, 0% used [0x00000000e5f00000,0x00000000e5f00000,0x00000000e6d00000)
  to   space 14336K, 0% used [0x00000000e5100000,0x00000000e5100000,0x00000000e5f00000)
 ParOldGen       total 73216K, used 15568K [0x00000000a5400000, 0x00000000a9b80000, 0x00000000e1c00000)
  object space 73216K, 21% used [0x00000000a5400000,0x00000000a6334388,0x00000000a9b80000)
 Metaspace       used 40010K, capacity 40631K, committed 41136K, reserved 1085440K
  class space    used 5026K, capacity 5202K, committed 5296K, reserved 1048576K
Event: 15.994 GC heap after
Heap after GC invocations=11 (full 2):
 PSYoungGen      total 68608K, used 10868K [0x00000000e1c00000, 0x00000000e7f80000, 0x0000000100000000)
  eden space 54272K, 0% used [0x00000000e1c00000,0x00000000e1c00000,0x00000000e5100000)
  from space 14336K, 75% used [0x00000000e5100000,0x00000000e5b9d3e0,0x00000000e5f00000)
  to   space 14848K, 0% used [0x00000000e7100000,0x00000000e7100000,0x00000000e7f80000)
 ParOldGen       total 73216K, used 15576K [0x00000000a5400000, 0x00000000a9b80000, 0x00000000e1c00000)
  object space 73216K, 21% used [0x00000000a5400000,0x00000000a6336388,0x00000000a9b80000)
 Metaspace       used 40010K, capacity 40631K, committed 41136K, reserved 1085440K
  class space    used 5026K, capacity 5202K, committed 5296K, reserved 1048576K
}

