# JRE version: OpenJDK Runtime Environment (8.0_202-b03) (build 1.8.0_202-release-1483-b03)
# Java VM: OpenJDK 64-Bit Server VM (25.202-b03 mixed mode windows-amd64 compressed oops)
Heap:
 PSYoungGen      total 51712K, used 29404K [0x00000000e1c00000, 0x00000000e5200000, 0x0000000100000000)
  eden space 48128K, 61% used [0x00000000e1c00000,0x00000000e38b7238,0x00000000e4b00000)
  from space 3584K, 0% used [0x00000000e4b00000,0x00000000e4b00000,0x00000000e4e80000)
  to   space 3584K, 0% used [0x00000000e4e80000,0x00000000e4e80000,0x00000000e5200000)
 ParOldGen       total 60928K, used 12028K [0x00000000a5400000, 0x00000000a8f80000, 0x00000000e1c00000)
  object space 60928K, 19% used [0x00000000a5400000,0x00000000a5fbf288,0x00000000a8f80000)
 Metaspace       used 23656K, capacity 24098K, committed 24320K, reserved 1071104K
  class space    used 2848K, capacity 2988K, committed 3072K, reserved 1048576K
GC Heap History (8 events):
Event: 0.923 GC heap before
{Heap before GC invocations=1 (full 0):
 PSYoungGen      total 27648K, used 24064K [0x00000000e1c00000, 0x00000000e3a80000, 0x0000000100000000)
  eden space 24064K, 100% used [0x00000000e1c00000,0x00000000e3380000,0x00000000e3380000)
  from space 3584K, 0% used [0x00000000e3700000,0x00000000e3700000,0x00000000e3a80000)
  to   space 3584K, 0% used [0x00000000e3380000,0x00000000e3380000,0x00000000e3700000)
 ParOldGen       total 62976K, used 0K [0x00000000a5400000, 0x00000000a9180000, 0x00000000e1c00000)
  object space 62976K, 0% used [0x00000000a5400000,0x00000000a5400000,0x00000000a9180000)
 Metaspace       used 8635K, capacity 8940K, committed 9216K, reserved 1056768K
  class space    used 931K, capacity 988K, committed 1024K, reserved 1048576K
Event: 0.933 GC heap after
Heap after GC invocations=1 (full 0):
 PSYoungGen      total 27648K, used 3580K [0x00000000e1c00000, 0x00000000e5200000, 0x0000000100000000)
  eden space 24064K, 0% used [0x00000000e1c00000,0x00000000e1c00000,0x00000000e3380000)
  from space 3584K, 99% used [0x00000000e3380000,0x00000000e36ff230,0x00000000e3700000)
  to   space 3584K, 0% used [0x00000000e4e80000,0x00000000e4e80000,0x00000000e5200000)
 ParOldGen       total 62976K, used 2185K [0x00000000a5400000, 0x00000000a9180000, 0x00000000e1c00000)
  object space 62976K, 3% used [0x00000000a5400000,0x00000000a5622640,0x00000000a9180000)
 Metaspace       used 8635K, capacity 8940K, committed 9216K, reserved 1056768K
  class space    used 931K, capacity 988K, committed 1024K, reserved 1048576K
}
Event: 1.585 GC heap before
{Heap before GC invocations=2 (full 0):
 PSYoungGen      total 27648K, used 27644K [0x00000000e1c00000, 0x00000000e5200000, 0x0000000100000000)
  eden space 24064K, 100% used [0x00000000e1c00000,0x00000000e3380000,0x00000000e3380000)
  from space 3584K, 99% used [0x00000000e3380000,0x00000000e36ff230,0x00000000e3700000)
  to   space 3584K, 0% used [0x00000000e4e80000,0x00000000e4e80000,0x00000000e5200000)
 ParOldGen       total 62976K, used 2185K [0x00000000a5400000, 0x00000000a9180000, 0x00000000e1c00000)
  object space 62976K, 3% used [0x00000000a5400000,0x00000000a5622640,0x00000000a9180000)
 Metaspace       used 11913K, capacity 12146K, committed 12416K, reserved 1060864K
  class space    used 1340K, capacity 1397K, committed 1408K, reserved 1048576K
Event: 1.597 GC heap after
Heap after GC invocations=2 (full 0):
 PSYoungGen      total 51712K, used 3574K [0x00000000e1c00000, 0x00000000e5200000, 0x0000000100000000)
  eden space 48128K, 0% used [0x00000000e1c00000,0x00000000e1c00000,0x00000000e4b00000)
  from space 3584K, 99% used [0x00000000e4e80000,0x00000000e51fda30,0x00000000e5200000)
  to   space 3584K, 0% used [0x00000000e4b00000,0x00000000e4b00000,0x00000000e4e80000)
 ParOldGen       total 62976K, used 5826K [0x00000000a5400000, 0x00000000a9180000, 0x00000000e1c00000)
  object space 62976K, 9% used [0x00000000a5400000,0x00000000a59b0b68,0x00000000a9180000)
 Metaspace       used 11913K, capacity 12146K, committed 12416K, reserved 1060864K
  class space    used 1340K, capacity 1397K, committed 1408K, reserved 1048576K
}
Event: 2.527 GC heap before
{Heap before GC invocations=3 (full 0):
 PSYoungGen      total 51712K, used 39814K [0x00000000e1c00000, 0x00000000e5200000, 0x0000000100000000)
  eden space 48128K, 75% used [0x00000000e1c00000,0x00000000e3f64070,0x00000000e4b00000)
  from space 3584K, 99% used [0x00000000e4e80000,0x00000000e51fda30,0x00000000e5200000)
  to   space 3584K, 0% used [0x00000000e4b00000,0x00000000e4b00000,0x00000000e4e80000)
 ParOldGen       total 62976K, used 5826K [0x00000000a5400000, 0x00000000a9180000, 0x00000000e1c00000)
  object space 62976K, 9% used [0x00000000a5400000,0x00000000a59b0b68,0x00000000a9180000)
 Metaspace       used 20735K, capacity 21128K, committed 21296K, reserved 1069056K
  class space    used 2460K, capacity 2623K, committed 2688K, reserved 1048576K
Event: 2.547 GC heap after
Heap after GC invocations=3 (full 0):
 PSYoungGen      total 51712K, used 3558K [0x00000000e1c00000, 0x00000000e5200000, 0x0000000100000000)
  eden space 48128K, 0% used [0x00000000e1c00000,0x00000000e1c00000,0x00000000e4b00000)
  from space 3584K, 99% used [0x00000000e4b00000,0x00000000e4e79a40,0x00000000e4e80000)
  to   space 3584K, 0% used [0x00000000e4e80000,0x00000000e4e80000,0x00000000e5200000)
 ParOldGen       total 62976K, used 14009K [0x00000000a5400000, 0x00000000a9180000, 0x00000000e1c00000)
  object space 62976K, 22% used [0x00000000a5400000,0x00000000a61ae6e0,0x00000000a9180000)
 Metaspace       used 20735K, capacity 21128K, committed 21296K, reserved 1069056K
  class space    used 2460K, capacity 2623K, committed 2688K, reserved 1048576K
}
Event: 2.547 GC heap before
{Heap before GC invocations=4 (full 1):
 PSYoungGen      total 51712K, used 3558K [0x00000000e1c00000, 0x00000000e5200000, 0x0000000100000000)
  eden space 48128K, 0% used [0x00000000e1c00000,0x00000000e1c00000,0x00000000e4b00000)
  from space 3584K, 99% used [0x00000000e4b00000,0x00000000e4e79a40,0x00000000e4e80000)
  to   space 3584K, 0% used [0x00000000e4e80000,0x00000000e4e80000,0x00000000e5200000)
 ParOldGen       total 62976K, used 14009K [0x00000000a5400000, 0x00000000a9180000, 0x00000000e1c00000)
  object space 62976K, 22% used [0x00000000a5400000,0x00000000a61ae6e0,0x00000000a9180000)
 Metaspace       used 20735K, capacity 21128K, committed 21296K, reserved 1069056K
  class space    used 2460K, capacity 2623K, committed 2688K, reserved 1048576K
Event: 2.620 GC heap after
Heap after GC invocations=4 (full 1):
 PSYoungGen      total 51712K, used 0K [0x00000000e1c00000, 0x00000000e5200000, 0x0000000100000000)
  eden space 48128K, 0% used [0x00000000e1c00000,0x00000000e1c00000,0x00000000e4b00000)
  from space 3584K, 0% used [0x00000000e4b00000,0x00000000e4b00000,0x00000000e4e80000)
  to   space 3584K, 0% used [0x00000000e4e80000,0x00000000e4e80000,0x00000000e5200000)
 ParOldGen       total 60928K, used 12028K [0x00000000a5400000, 0x00000000a8f80000, 0x00000000e1c00000)
  object space 60928K, 19% used [0x00000000a5400000,0x00000000a5fbf288,0x00000000a8f80000)
 Metaspace       used 20735K, capacity 21128K, committed 21296K, reserved 1069056K
  class space    used 2460K, capacity 2623K, committed 2688K, reserved 1048576K
}

